{"/home/tejesh/HANDS_ON/nodejs_microservices_udemy/gittix-ticketing-app/payments/src/app.ts": {"path":"/home/tejesh/HANDS_ON/nodejs_microservices_udemy/gittix-ticketing-app/payments/src/app.ts","statementMap":{"0":{"start":{"line":1,"column":0},"end":{"line":1,"column":30}},"1":{"start":{"line":2,"column":0},"end":{"line":2,"column":30}},"2":{"start":{"line":3,"column":0},"end":{"line":3,"column":35}},"3":{"start":{"line":4,"column":0},"end":{"line":4,"column":43}},"4":{"start":{"line":6,"column":0},"end":{"line":6,"column":76}},"5":{"start":{"line":7,"column":0},"end":{"line":7,"column":53}},"6":{"start":{"line":9,"column":12},"end":{"line":9,"column":21}},"7":{"start":{"line":30,"column":9},"end":{"line":30,"column":12}},"8":{"start":{"line":10,"column":0},"end":{"line":10,"column":29}},"9":{"start":{"line":12,"column":0},"end":{"line":12,"column":16}},"10":{"start":{"line":13,"column":0},"end":{"line":18,"column":2}},"11":{"start":{"line":19,"column":0},"end":{"line":19,"column":21}},"12":{"start":{"line":22,"column":0},"end":{"line":22,"column":28}},"13":{"start":{"line":24,"column":0},"end":{"line":26,"column":3}},"14":{"start":{"line":25,"column":2},"end":{"line":25,"column":28}},"15":{"start":{"line":28,"column":0},"end":{"line":28,"column":22}}},"fnMap":{"0":{"name":"(anonymous_1)","decl":{"start":{"line":24,"column":13},"end":{"line":24,"column":16}},"loc":{"start":{"line":24,"column":18},"end":{"line":26,"column":1}}}},"branchMap":{},"s":{"0":1,"1":1,"2":1,"3":1,"4":1,"5":1,"6":1,"7":1,"8":1,"9":1,"10":1,"11":1,"12":1,"13":1,"14":0,"15":1},"f":{"0":0},"b":{}}
,"/home/tejesh/HANDS_ON/nodejs_microservices_udemy/gittix-ticketing-app/payments/src/stripe.ts": {"path":"/home/tejesh/HANDS_ON/nodejs_microservices_udemy/gittix-ticketing-app/payments/src/stripe.ts","statementMap":{"0":{"start":{"line":1,"column":0},"end":{"line":1,"column":32}},"1":{"start":{"line":3,"column":13},"end":{"line":5,"column":3}}},"fnMap":{},"branchMap":{},"s":{"0":1,"1":1},"f":{},"b":{}}
,"/home/tejesh/HANDS_ON/nodejs_microservices_udemy/gittix-ticketing-app/payments/src/events/queue-group-name.ts": {"path":"/home/tejesh/HANDS_ON/nodejs_microservices_udemy/gittix-ticketing-app/payments/src/events/queue-group-name.ts","statementMap":{"0":{"start":{"line":1,"column":13},"end":{"line":1,"column":51}}},"fnMap":{},"branchMap":{},"s":{"0":1},"f":{},"b":{}}
,"/home/tejesh/HANDS_ON/nodejs_microservices_udemy/gittix-ticketing-app/payments/src/events/listners/order-created-listner.ts": {"path":"/home/tejesh/HANDS_ON/nodejs_microservices_udemy/gittix-ticketing-app/payments/src/events/listners/order-created-listner.ts","statementMap":{"0":{"start":{"line":1,"column":0},"end":{"line":1,"column":72}},"1":{"start":{"line":3,"column":0},"end":{"line":3,"column":43}},"2":{"start":{"line":4,"column":0},"end":{"line":4,"column":55}},"3":{"start":{"line":7,"column":2},"end":{"line":7,"column":57}},"4":{"start":{"line":8,"column":2},"end":{"line":8,"column":44}},"5":{"start":{"line":14,"column":18},"end":{"line":20,"column":6}},"6":{"start":{"line":21,"column":4},"end":{"line":21,"column":23}},"7":{"start":{"line":23,"column":4},"end":{"line":23,"column":18}},"8":{"start":{"line":6,"column":0},"end":{"line":6,"column":13}}},"fnMap":{"0":{"name":"(anonymous_7)","decl":{"start":{"line":6,"column":0},"end":{"line":6,"column":13}},"loc":{"start":{"line":6,"column":0},"end":{"line":25,"column":1}}},"1":{"name":"(anonymous_8)","decl":{"start":{"line":10,"column":8},"end":{"line":10,"column":17}},"loc":{"start":{"line":12,"column":20},"end":{"line":24,"column":null}}}},"branchMap":{},"s":{"0":1,"1":1,"2":1,"3":1,"4":1,"5":1,"6":1,"7":1,"8":1},"f":{"0":1,"1":1},"b":{}}
,"/home/tejesh/HANDS_ON/nodejs_microservices_udemy/gittix-ticketing-app/payments/src/models/order.ts": {"path":"/home/tejesh/HANDS_ON/nodejs_microservices_udemy/gittix-ticketing-app/payments/src/models/order.ts","statementMap":{"0":{"start":{"line":1,"column":0},"end":{"line":1,"column":9}},"1":{"start":{"line":79,"column":16},"end":{"line":1,"column":47}},"2":{"start":{"line":2,"column":0},"end":{"line":2,"column":29}},"3":{"start":{"line":3,"column":0},"end":{"line":3,"column":67}},"4":{"start":{"line":28,"column":20},"end":{"line":51,"column":null}},"5":{"start":{"line":47,"column":8},"end":{"line":47,"column":25}},"6":{"start":{"line":48,"column":8},"end":{"line":48,"column":23}},"7":{"start":{"line":54,"column":0},"end":{"line":54,"column":41}},"8":{"start":{"line":55,"column":0},"end":{"line":55,"column":42}},"9":{"start":{"line":57,"column":0},"end":{"line":65,"column":2}},"10":{"start":{"line":61,"column":2},"end":{"line":64,"column":5}},"11":{"start":{"line":67,"column":0},"end":{"line":75,"column":2}},"12":{"start":{"line":68,"column":2},"end":{"line":74,"column":5}},"13":{"start":{"line":77,"column":14},"end":{"line":77,"column":69}},"14":{"start":{"line":79,"column":9},"end":{"line":79,"column":14}}},"fnMap":{"0":{"name":"(anonymous_1)","decl":{"start":{"line":79,"column":16},"end":{"line":79,"column":27}},"loc":{"start":{"line":79,"column":16},"end":{"line":1,"column":47}}},"1":{"name":"(anonymous_2)","decl":{"start":{"line":46,"column":6},"end":{"line":46,"column":15}},"loc":{"start":{"line":46,"column":25},"end":{"line":49,"column":7}}},"2":{"name":"(anonymous_3)","decl":{"start":{"line":57,"column":38},"end":{"line":57,"column":39}},"loc":{"start":{"line":60,"column":5},"end":{"line":65,"column":1}}},"3":{"name":"(anonymous_4)","decl":{"start":{"line":67,"column":28},"end":{"line":67,"column":29}},"loc":{"start":{"line":67,"column":50},"end":{"line":75,"column":1}}}},"branchMap":{},"s":{"0":2,"1":5,"2":2,"3":2,"4":2,"5":0,"6":0,"7":2,"8":2,"9":2,"10":0,"11":2,"12":4,"13":2,"14":2},"f":{"0":3,"1":0,"2":0,"3":4},"b":{}}
,"/home/tejesh/HANDS_ON/nodejs_microservices_udemy/gittix-ticketing-app/payments/src/routes/create.ts": {"path":"/home/tejesh/HANDS_ON/nodejs_microservices_udemy/gittix-ticketing-app/payments/src/routes/create.ts","statementMap":{"0":{"start":{"line":1,"column":0},"end":{"line":1,"column":null}},"1":{"start":{"line":9,"column":0},"end":{"line":9,"column":52}},"2":{"start":{"line":10,"column":0},"end":{"line":10,"column":41}},"3":{"start":{"line":11,"column":0},"end":{"line":11,"column":40}},"4":{"start":{"line":12,"column":0},"end":{"line":12,"column":35}},"5":{"start":{"line":14,"column":15},"end":{"line":14,"column":23}},"6":{"start":{"line":60,"column":19},"end":{"line":60,"column":37}},"7":{"start":{"line":16,"column":0},"end":{"line":58,"column":2}},"8":{"start":{"line":24,"column":40},"end":{"line":57,"column":null}},"9":{"start":{"line":25,"column":31},"end":{"line":25,"column":39}},"10":{"start":{"line":27,"column":18},"end":{"line":27,"column":47}},"11":{"start":{"line":28,"column":4},"end":{"line":28,"column":42}},"12":{"start":{"line":28,"column":16},"end":{"line":28,"column":42}},"13":{"start":{"line":30,"column":4},"end":{"line":30,"column":77}},"14":{"start":{"line":30,"column":46},"end":{"line":30,"column":77}},"15":{"start":{"line":32,"column":4},"end":{"line":33,"column":76}},"16":{"start":{"line":33,"column":6},"end":{"line":33,"column":76}},"17":{"start":{"line":35,"column":4},"end":{"line":54,"column":7}},"18":{"start":{"line":56,"column":4},"end":{"line":56,"column":44}}},"fnMap":{"0":{"name":"(anonymous_7)","decl":{"start":{"line":24,"column":2},"end":{"line":24,"column":9}},"loc":{"start":{"line":24,"column":40},"end":{"line":57,"column":null}}},"1":{"name":"(anonymous_8)","decl":{"start":{"line":24,"column":40},"end":{"line":24,"column":null}},"loc":{"start":{"line":24,"column":40},"end":{"line":57,"column":3}}}},"branchMap":{"0":{"loc":{"start":{"line":28,"column":4},"end":{"line":28,"column":42}},"type":"if","locations":[{"start":{"line":28,"column":4},"end":{"line":28,"column":42}}]},"1":{"loc":{"start":{"line":30,"column":4},"end":{"line":30,"column":77}},"type":"if","locations":[{"start":{"line":30,"column":4},"end":{"line":30,"column":77}}]},"2":{"loc":{"start":{"line":32,"column":4},"end":{"line":33,"column":76}},"type":"if","locations":[{"start":{"line":32,"column":4},"end":{"line":33,"column":76}}]}},"s":{"0":1,"1":1,"2":1,"3":1,"4":1,"5":1,"6":1,"7":1,"8":4,"9":4,"10":4,"11":4,"12":1,"13":3,"14":1,"15":2,"16":1,"17":1,"18":1},"f":{"0":4,"1":4},"b":{"0":[1],"1":[1],"2":[1]}}
}
