TN:
SF:src/app.ts
FN:24,(anonymous_1)
FNF:1
FNH:0
FNDA:0,(anonymous_1)
DA:1,1
DA:2,1
DA:3,1
DA:4,1
DA:6,1
DA:7,1
DA:9,1
DA:10,1
DA:12,1
DA:13,1
DA:19,1
DA:22,1
DA:24,1
DA:25,0
DA:28,1
DA:30,1
LF:16
LH:15
BRF:0
BRH:0
end_of_record
TN:
SF:src/stripe.ts
FNF:0
FNH:0
DA:1,1
DA:3,1
LF:2
LH:2
BRF:0
BRH:0
end_of_record
TN:
SF:src/events/queue-group-name.ts
FNF:0
FNH:0
DA:1,1
LF:1
LH:1
BRF:0
BRH:0
end_of_record
TN:
SF:src/events/listners/order-created-listner.ts
FN:6,(anonymous_7)
FN:10,(anonymous_8)
FNF:2
FNH:2
FNDA:1,(anonymous_7)
FNDA:1,(anonymous_8)
DA:1,1
DA:3,1
DA:4,1
DA:6,1
DA:7,1
DA:8,1
DA:14,1
DA:21,1
DA:23,1
LF:9
LH:9
BRF:0
BRH:0
end_of_record
TN:
SF:src/models/order.ts
FN:79,(anonymous_1)
FN:46,(anonymous_2)
FN:57,(anonymous_3)
FN:67,(anonymous_4)
FNF:4
FNH:2
FNDA:3,(anonymous_1)
FNDA:0,(anonymous_2)
FNDA:0,(anonymous_3)
FNDA:4,(anonymous_4)
DA:1,2
DA:2,2
DA:3,2
DA:28,2
DA:47,0
DA:48,0
DA:54,2
DA:55,2
DA:57,2
DA:61,0
DA:67,2
DA:68,4
DA:77,2
DA:79,5
LF:14
LH:11
BRF:0
BRH:0
end_of_record
TN:
SF:src/routes/create.ts
FN:24,(anonymous_7)
FN:24,(anonymous_8)
FNF:2
FNH:2
FNDA:4,(anonymous_7)
FNDA:4,(anonymous_8)
DA:1,1
DA:9,1
DA:10,1
DA:11,1
DA:12,1
DA:14,1
DA:16,1
DA:24,4
DA:25,4
DA:27,4
DA:28,4
DA:30,3
DA:32,2
DA:33,1
DA:35,1
DA:56,1
DA:60,1
LF:17
LH:17
BRDA:28,0,0,1
BRDA:30,1,0,1
BRDA:32,2,0,1
BRF:3
BRH:3
end_of_record
