{"/home/tejesh/HANDS_ON/nodejs_microservices_udemy/gittix-ticketing-app/orders/src/app.ts": {"path":"/home/tejesh/HANDS_ON/nodejs_microservices_udemy/gittix-ticketing-app/orders/src/app.ts","statementMap":{"0":{"start":{"line":1,"column":0},"end":{"line":1,"column":30}},"1":{"start":{"line":2,"column":0},"end":{"line":2,"column":30}},"2":{"start":{"line":3,"column":0},"end":{"line":3,"column":35}},"3":{"start":{"line":4,"column":0},"end":{"line":4,"column":43}},"4":{"start":{"line":6,"column":0},"end":{"line":6,"column":76}},"5":{"start":{"line":7,"column":0},"end":{"line":7,"column":49}},"6":{"start":{"line":8,"column":0},"end":{"line":8,"column":52}},"7":{"start":{"line":9,"column":0},"end":{"line":9,"column":48}},"8":{"start":{"line":10,"column":0},"end":{"line":10,"column":58}},"9":{"start":{"line":12,"column":12},"end":{"line":12,"column":21}},"10":{"start":{"line":36,"column":9},"end":{"line":36,"column":12}},"11":{"start":{"line":13,"column":0},"end":{"line":13,"column":29}},"12":{"start":{"line":15,"column":0},"end":{"line":15,"column":16}},"13":{"start":{"line":16,"column":0},"end":{"line":21,"column":2}},"14":{"start":{"line":22,"column":0},"end":{"line":22,"column":21}},"15":{"start":{"line":25,"column":0},"end":{"line":25,"column":26}},"16":{"start":{"line":26,"column":0},"end":{"line":26,"column":27}},"17":{"start":{"line":27,"column":0},"end":{"line":27,"column":25}},"18":{"start":{"line":28,"column":0},"end":{"line":28,"column":27}},"19":{"start":{"line":30,"column":0},"end":{"line":32,"column":3}},"20":{"start":{"line":31,"column":2},"end":{"line":31,"column":28}},"21":{"start":{"line":34,"column":0},"end":{"line":34,"column":22}}},"fnMap":{"0":{"name":"(anonymous_1)","decl":{"start":{"line":30,"column":13},"end":{"line":30,"column":16}},"loc":{"start":{"line":30,"column":18},"end":{"line":32,"column":1}}}},"branchMap":{},"s":{"0":4,"1":4,"2":4,"3":4,"4":4,"5":4,"6":4,"7":4,"8":4,"9":4,"10":4,"11":4,"12":4,"13":4,"14":4,"15":4,"16":4,"17":4,"18":4,"19":4,"20":0,"21":4},"f":{"0":0},"b":{}}
,"/home/tejesh/HANDS_ON/nodejs_microservices_udemy/gittix-ticketing-app/orders/src/events/listners/expiration-complete-listner.ts": {"path":"/home/tejesh/HANDS_ON/nodejs_microservices_udemy/gittix-ticketing-app/orders/src/events/listners/expiration-complete-listner.ts","statementMap":{"0":{"start":{"line":1,"column":0},"end":{"line":1,"column":null}},"1":{"start":{"line":8,"column":0},"end":{"line":8,"column":43}},"2":{"start":{"line":9,"column":0},"end":{"line":9,"column":82}},"3":{"start":{"line":10,"column":0},"end":{"line":10,"column":54}},"4":{"start":{"line":13,"column":2},"end":{"line":13,"column":69}},"5":{"start":{"line":14,"column":2},"end":{"line":14,"column":44}},"6":{"start":{"line":20,"column":25},"end":{"line":20,"column":59}},"7":{"start":{"line":21,"column":4},"end":{"line":21,"column":64}},"8":{"start":{"line":21,"column":23},"end":{"line":21,"column":64}},"9":{"start":{"line":23,"column":4},"end":{"line":23,"column":56}},"10":{"start":{"line":24,"column":4},"end":{"line":24,"column":30}},"11":{"start":{"line":26,"column":4},"end":{"line":32,"column":7}},"12":{"start":{"line":34,"column":4},"end":{"line":34,"column":18}},"13":{"start":{"line":12,"column":0},"end":{"line":12,"column":13}}},"fnMap":{"0":{"name":"(anonymous_7)","decl":{"start":{"line":12,"column":0},"end":{"line":12,"column":13}},"loc":{"start":{"line":12,"column":0},"end":{"line":36,"column":1}}},"1":{"name":"(anonymous_8)","decl":{"start":{"line":16,"column":8},"end":{"line":16,"column":17}},"loc":{"start":{"line":18,"column":20},"end":{"line":35,"column":null}}}},"branchMap":{"0":{"loc":{"start":{"line":21,"column":4},"end":{"line":21,"column":64}},"type":"if","locations":[{"start":{"line":21,"column":4},"end":{"line":21,"column":64}}]}},"s":{"0":1,"1":1,"2":1,"3":1,"4":1,"5":1,"6":1,"7":1,"8":0,"9":1,"10":1,"11":1,"12":1,"13":1},"f":{"0":1,"1":1},"b":{"0":[0]}}
,"/home/tejesh/HANDS_ON/nodejs_microservices_udemy/gittix-ticketing-app/orders/src/events/listners/queue-group-name.ts": {"path":"/home/tejesh/HANDS_ON/nodejs_microservices_udemy/gittix-ticketing-app/orders/src/events/listners/queue-group-name.ts","statementMap":{"0":{"start":{"line":1,"column":13},"end":{"line":1,"column":49}}},"fnMap":{},"branchMap":{},"s":{"0":3},"f":{},"b":{}}
,"/home/tejesh/HANDS_ON/nodejs_microservices_udemy/gittix-ticketing-app/orders/src/events/listners/ticket-created-listner.ts": {"path":"/home/tejesh/HANDS_ON/nodejs_microservices_udemy/gittix-ticketing-app/orders/src/events/listners/ticket-created-listner.ts","statementMap":{"0":{"start":{"line":1,"column":0},"end":{"line":1,"column":73}},"1":{"start":{"line":3,"column":0},"end":{"line":3,"column":45}},"2":{"start":{"line":4,"column":0},"end":{"line":4,"column":54}},"3":{"start":{"line":7,"column":2},"end":{"line":7,"column":59}},"4":{"start":{"line":8,"column":2},"end":{"line":8,"column":44}},"5":{"start":{"line":11,"column":33},"end":{"line":11,"column":37}},"6":{"start":{"line":12,"column":19},"end":{"line":16,"column":6}},"7":{"start":{"line":17,"column":4},"end":{"line":17,"column":24}},"8":{"start":{"line":19,"column":4},"end":{"line":19,"column":18}},"9":{"start":{"line":6,"column":0},"end":{"line":6,"column":13}}},"fnMap":{"0":{"name":"(anonymous_7)","decl":{"start":{"line":6,"column":0},"end":{"line":6,"column":13}},"loc":{"start":{"line":6,"column":0},"end":{"line":21,"column":1}}},"1":{"name":"(anonymous_8)","decl":{"start":{"line":10,"column":8},"end":{"line":10,"column":17}},"loc":{"start":{"line":10,"column":68},"end":{"line":20,"column":null}}}},"branchMap":{},"s":{"0":1,"1":1,"2":1,"3":2,"4":2,"5":2,"6":2,"7":2,"8":2,"9":1},"f":{"0":2,"1":2},"b":{}}
,"/home/tejesh/HANDS_ON/nodejs_microservices_udemy/gittix-ticketing-app/orders/src/events/listners/ticket-updated-listner.ts": {"path":"/home/tejesh/HANDS_ON/nodejs_microservices_udemy/gittix-ticketing-app/orders/src/events/listners/ticket-updated-listner.ts","statementMap":{"0":{"start":{"line":1,"column":0},"end":{"line":1,"column":73}},"1":{"start":{"line":3,"column":0},"end":{"line":3,"column":45}},"2":{"start":{"line":4,"column":0},"end":{"line":4,"column":54}},"3":{"start":{"line":7,"column":2},"end":{"line":7,"column":59}},"4":{"start":{"line":8,"column":2},"end":{"line":8,"column":44}},"5":{"start":{"line":11,"column":19},"end":{"line":11,"column":53}},"6":{"start":{"line":12,"column":4},"end":{"line":12,"column":54}},"7":{"start":{"line":12,"column":17},"end":{"line":12,"column":54}},"8":{"start":{"line":14,"column":29},"end":{"line":14,"column":33}},"9":{"start":{"line":15,"column":4},"end":{"line":15,"column":33}},"10":{"start":{"line":16,"column":4},"end":{"line":16,"column":24}},"11":{"start":{"line":18,"column":4},"end":{"line":18,"column":18}},"12":{"start":{"line":6,"column":0},"end":{"line":6,"column":13}}},"fnMap":{"0":{"name":"(anonymous_7)","decl":{"start":{"line":6,"column":0},"end":{"line":6,"column":13}},"loc":{"start":{"line":6,"column":0},"end":{"line":20,"column":1}}},"1":{"name":"(anonymous_8)","decl":{"start":{"line":10,"column":8},"end":{"line":10,"column":17}},"loc":{"start":{"line":10,"column":68},"end":{"line":19,"column":null}}}},"branchMap":{"0":{"loc":{"start":{"line":12,"column":4},"end":{"line":12,"column":54}},"type":"if","locations":[{"start":{"line":12,"column":4},"end":{"line":12,"column":54}}]}},"s":{"0":1,"1":1,"2":1,"3":2,"4":2,"5":2,"6":2,"7":1,"8":1,"9":1,"10":1,"11":1,"12":1},"f":{"0":2,"1":2},"b":{"0":[1]}}
,"/home/tejesh/HANDS_ON/nodejs_microservices_udemy/gittix-ticketing-app/orders/src/events/publishers/order-cancelled-publisher.ts": {"path":"/home/tejesh/HANDS_ON/nodejs_microservices_udemy/gittix-ticketing-app/orders/src/events/publishers/order-cancelled-publisher.ts","statementMap":{"0":{"start":{"line":1,"column":0},"end":{"line":1,"column":76}},"1":{"start":{"line":4,"column":2},"end":{"line":4,"column":61}},"2":{"start":{"line":3,"column":0},"end":{"line":3,"column":13}}},"fnMap":{"0":{"name":"(anonymous_0)","decl":{"start":{"line":3,"column":0},"end":{"line":3,"column":13}},"loc":{"start":{"line":3,"column":0},"end":{"line":5,"column":1}}}},"branchMap":{},"s":{"0":5,"1":3,"2":5},"f":{"0":3},"b":{}}
,"/home/tejesh/HANDS_ON/nodejs_microservices_udemy/gittix-ticketing-app/orders/src/events/publishers/order-created-publisher.ts": {"path":"/home/tejesh/HANDS_ON/nodejs_microservices_udemy/gittix-ticketing-app/orders/src/events/publishers/order-created-publisher.ts","statementMap":{"0":{"start":{"line":1,"column":0},"end":{"line":1,"column":74}},"1":{"start":{"line":4,"column":2},"end":{"line":4,"column":57}},"2":{"start":{"line":3,"column":0},"end":{"line":3,"column":13}}},"fnMap":{"0":{"name":"(anonymous_0)","decl":{"start":{"line":3,"column":0},"end":{"line":3,"column":13}},"loc":{"start":{"line":3,"column":0},"end":{"line":5,"column":1}}}},"branchMap":{},"s":{"0":4,"1":7,"2":4},"f":{"0":7},"b":{}}
,"/home/tejesh/HANDS_ON/nodejs_microservices_udemy/gittix-ticketing-app/orders/src/models/order.ts": {"path":"/home/tejesh/HANDS_ON/nodejs_microservices_udemy/gittix-ticketing-app/orders/src/models/order.ts","statementMap":{"0":{"start":{"line":1,"column":0},"end":{"line":1,"column":9}},"1":{"start":{"line":63,"column":16},"end":{"line":1,"column":47}},"2":{"start":{"line":2,"column":0},"end":{"line":2,"column":29}},"3":{"start":{"line":3,"column":0},"end":{"line":3,"column":67}},"4":{"start":{"line":25,"column":20},"end":{"line":51,"column":null}},"5":{"start":{"line":47,"column":8},"end":{"line":47,"column":25}},"6":{"start":{"line":48,"column":8},"end":{"line":48,"column":23}},"7":{"start":{"line":54,"column":0},"end":{"line":54,"column":41}},"8":{"start":{"line":55,"column":0},"end":{"line":55,"column":42}},"9":{"start":{"line":57,"column":0},"end":{"line":59,"column":2}},"10":{"start":{"line":58,"column":2},"end":{"line":58,"column":26}},"11":{"start":{"line":61,"column":14},"end":{"line":61,"column":69}},"12":{"start":{"line":63,"column":9},"end":{"line":63,"column":14}}},"fnMap":{"0":{"name":"(anonymous_1)","decl":{"start":{"line":63,"column":16},"end":{"line":63,"column":27}},"loc":{"start":{"line":63,"column":16},"end":{"line":1,"column":47}}},"1":{"name":"(anonymous_2)","decl":{"start":{"line":46,"column":6},"end":{"line":46,"column":15}},"loc":{"start":{"line":46,"column":24},"end":{"line":49,"column":7}}},"2":{"name":"(anonymous_3)","decl":{"start":{"line":57,"column":28},"end":{"line":57,"column":29}},"loc":{"start":{"line":57,"column":50},"end":{"line":59,"column":1}}}},"branchMap":{},"s":{"0":7,"1":33,"2":7,"3":7,"4":7,"5":12,"6":12,"7":7,"8":7,"9":7,"10":9,"11":7,"12":7},"f":{"0":26,"1":12,"2":9},"b":{}}
,"/home/tejesh/HANDS_ON/nodejs_microservices_udemy/gittix-ticketing-app/orders/src/models/ticket.ts": {"path":"/home/tejesh/HANDS_ON/nodejs_microservices_udemy/gittix-ticketing-app/orders/src/models/ticket.ts","statementMap":{"0":{"start":{"line":1,"column":0},"end":{"line":1,"column":29}},"1":{"start":{"line":2,"column":0},"end":{"line":2,"column":67}},"2":{"start":{"line":3,"column":0},"end":{"line":3,"column":45}},"3":{"start":{"line":26,"column":21},"end":{"line":44,"column":null}},"4":{"start":{"line":40,"column":8},"end":{"line":40,"column":25}},"5":{"start":{"line":41,"column":8},"end":{"line":41,"column":23}},"6":{"start":{"line":47,"column":0},"end":{"line":47,"column":42}},"7":{"start":{"line":48,"column":0},"end":{"line":48,"column":43}},"8":{"start":{"line":50,"column":0},"end":{"line":58,"column":2}},"9":{"start":{"line":54,"column":2},"end":{"line":57,"column":5}},"10":{"start":{"line":60,"column":0},"end":{"line":66,"column":2}},"11":{"start":{"line":61,"column":2},"end":{"line":65,"column":5}},"12":{"start":{"line":68,"column":0},"end":{"line":81,"column":2}},"13":{"start":{"line":69,"column":24},"end":{"line":78,"column":4}},"14":{"start":{"line":80,"column":2},"end":{"line":80,"column":25}},"15":{"start":{"line":83,"column":15},"end":{"line":83,"column":74}},"16":{"start":{"line":85,"column":9},"end":{"line":85,"column":15}}},"fnMap":{"0":{"name":"(anonymous_8)","decl":{"start":{"line":39,"column":6},"end":{"line":39,"column":15}},"loc":{"start":{"line":39,"column":24},"end":{"line":42,"column":7}}},"1":{"name":"(anonymous_9)","decl":{"start":{"line":50,"column":39},"end":{"line":50,"column":40}},"loc":{"start":{"line":53,"column":5},"end":{"line":58,"column":1}}},"2":{"name":"(anonymous_10)","decl":{"start":{"line":60,"column":29},"end":{"line":60,"column":30}},"loc":{"start":{"line":60,"column":52},"end":{"line":66,"column":1}}},"3":{"name":"(anonymous_11)","decl":{"start":{"line":68,"column":34},"end":{"line":68,"column":null}},"loc":{"start":{"line":68,"column":34},"end":{"line":81,"column":2}}}},"branchMap":{},"s":{"0":7,"1":7,"2":7,"3":7,"4":12,"5":12,"6":7,"7":7,"8":7,"9":2,"10":7,"11":11,"12":7,"13":8,"14":8,"15":7,"16":7},"f":{"0":12,"1":2,"2":11,"3":8},"b":{}}
,"/home/tejesh/HANDS_ON/nodejs_microservices_udemy/gittix-ticketing-app/orders/src/routes/cancel-order.ts": {"path":"/home/tejesh/HANDS_ON/nodejs_microservices_udemy/gittix-ticketing-app/orders/src/routes/cancel-order.ts","statementMap":{"0":{"start":{"line":1,"column":0},"end":{"line":1,"column":null}},"1":{"start":{"line":7,"column":0},"end":{"line":7,"column":52}},"2":{"start":{"line":8,"column":0},"end":{"line":8,"column":45}},"3":{"start":{"line":9,"column":0},"end":{"line":9,"column":89}},"4":{"start":{"line":10,"column":0},"end":{"line":10,"column":40}},"5":{"start":{"line":12,"column":15},"end":{"line":12,"column":23}},"6":{"start":{"line":37,"column":19},"end":{"line":37,"column":36}},"7":{"start":{"line":14,"column":0},"end":{"line":35,"column":2}},"8":{"start":{"line":17,"column":40},"end":{"line":34,"column":null}},"9":{"start":{"line":18,"column":18},"end":{"line":18,"column":72}},"10":{"start":{"line":19,"column":4},"end":{"line":19,"column":42}},"11":{"start":{"line":19,"column":16},"end":{"line":19,"column":42}},"12":{"start":{"line":20,"column":4},"end":{"line":20,"column":77}},"13":{"start":{"line":20,"column":46},"end":{"line":20,"column":77}},"14":{"start":{"line":22,"column":4},"end":{"line":22,"column":41}},"15":{"start":{"line":23,"column":4},"end":{"line":23,"column":23}},"16":{"start":{"line":25,"column":4},"end":{"line":31,"column":7}},"17":{"start":{"line":33,"column":4},"end":{"line":33,"column":20}}},"fnMap":{"0":{"name":"(anonymous_7)","decl":{"start":{"line":17,"column":2},"end":{"line":17,"column":9}},"loc":{"start":{"line":17,"column":40},"end":{"line":34,"column":null}}},"1":{"name":"(anonymous_8)","decl":{"start":{"line":17,"column":40},"end":{"line":17,"column":null}},"loc":{"start":{"line":17,"column":40},"end":{"line":34,"column":3}}}},"branchMap":{"0":{"loc":{"start":{"line":19,"column":4},"end":{"line":19,"column":42}},"type":"if","locations":[{"start":{"line":19,"column":4},"end":{"line":19,"column":42}}]},"1":{"loc":{"start":{"line":20,"column":4},"end":{"line":20,"column":77}},"type":"if","locations":[{"start":{"line":20,"column":4},"end":{"line":20,"column":77}}]}},"s":{"0":4,"1":4,"2":4,"3":4,"4":4,"5":4,"6":4,"7":4,"8":2,"9":2,"10":2,"11":0,"12":2,"13":0,"14":2,"15":2,"16":2,"17":2},"f":{"0":2,"1":2},"b":{"0":[0],"1":[0]}}
,"/home/tejesh/HANDS_ON/nodejs_microservices_udemy/gittix-ticketing-app/orders/src/routes/create.ts": {"path":"/home/tejesh/HANDS_ON/nodejs_microservices_udemy/gittix-ticketing-app/orders/src/routes/create.ts","statementMap":{"0":{"start":{"line":1,"column":0},"end":{"line":1,"column":null}},"1":{"start":{"line":8,"column":0},"end":{"line":8,"column":52}},"2":{"start":{"line":9,"column":0},"end":{"line":9,"column":41}},"3":{"start":{"line":10,"column":0},"end":{"line":10,"column":45}},"4":{"start":{"line":11,"column":0},"end":{"line":11,"column":85}},"5":{"start":{"line":12,"column":0},"end":{"line":12,"column":40}},"6":{"start":{"line":13,"column":0},"end":{"line":13,"column":42}},"7":{"start":{"line":15,"column":15},"end":{"line":15,"column":23}},"8":{"start":{"line":65,"column":19},"end":{"line":65,"column":36}},"9":{"start":{"line":17,"column":34},"end":{"line":17,"column":41}},"10":{"start":{"line":19,"column":0},"end":{"line":63,"column":2}},"11":{"start":{"line":32,"column":40},"end":{"line":62,"column":null}},"12":{"start":{"line":33,"column":19},"end":{"line":33,"column":59}},"13":{"start":{"line":34,"column":4},"end":{"line":34,"column":43}},"14":{"start":{"line":34,"column":17},"end":{"line":34,"column":43}},"15":{"start":{"line":35,"column":23},"end":{"line":35,"column":48}},"16":{"start":{"line":36,"column":4},"end":{"line":36,"column":76}},"17":{"start":{"line":36,"column":20},"end":{"line":36,"column":76}},"18":{"start":{"line":38,"column":23},"end":{"line":38,"column":33}},"19":{"start":{"line":39,"column":4},"end":{"line":39,"column":79}},"20":{"start":{"line":41,"column":18},"end":{"line":46,"column":6}},"21":{"start":{"line":47,"column":4},"end":{"line":47,"column":23}},"22":{"start":{"line":49,"column":4},"end":{"line":59,"column":7}},"23":{"start":{"line":61,"column":4},"end":{"line":61,"column":32}}},"fnMap":{"0":{"name":"(anonymous_7)","decl":{"start":{"line":32,"column":2},"end":{"line":32,"column":9}},"loc":{"start":{"line":32,"column":40},"end":{"line":62,"column":null}}},"1":{"name":"(anonymous_8)","decl":{"start":{"line":32,"column":40},"end":{"line":32,"column":null}},"loc":{"start":{"line":32,"column":40},"end":{"line":62,"column":3}}}},"branchMap":{"0":{"loc":{"start":{"line":34,"column":4},"end":{"line":34,"column":43}},"type":"if","locations":[{"start":{"line":34,"column":4},"end":{"line":34,"column":43}}]},"1":{"loc":{"start":{"line":36,"column":4},"end":{"line":36,"column":76}},"type":"if","locations":[{"start":{"line":36,"column":4},"end":{"line":36,"column":76}}]},"2":{"loc":{"start":{"line":54,"column":17},"end":{"line":54,"column":47}},"type":"cond-expr","locations":[{"start":{"line":54,"column":32},"end":{"line":54,"column":34}},{"start":{"line":54,"column":32},"end":{"line":54,"column":47}}]},"3":{"loc":{"start":{"line":54,"column":17},"end":{"line":54,"column":34}},"type":"binary-expr","locations":[{"start":{"line":54,"column":17},"end":{"line":54,"column":34}},{"start":{"line":54,"column":32},"end":{"line":54,"column":34}}]}},"s":{"0":4,"1":4,"2":4,"3":4,"4":4,"5":4,"6":4,"7":4,"8":4,"9":4,"10":4,"11":9,"12":9,"13":9,"14":1,"15":8,"16":8,"17":1,"18":7,"19":7,"20":7,"21":7,"22":7,"23":7},"f":{"0":9,"1":9},"b":{"0":[1],"1":[1],"2":[0,7],"3":[7,7]}}
,"/home/tejesh/HANDS_ON/nodejs_microservices_udemy/gittix-ticketing-app/orders/src/routes/list.ts": {"path":"/home/tejesh/HANDS_ON/nodejs_microservices_udemy/gittix-ticketing-app/orders/src/routes/list.ts","statementMap":{"0":{"start":{"line":1,"column":0},"end":{"line":1,"column":62}},"1":{"start":{"line":2,"column":0},"end":{"line":2,"column":52}},"2":{"start":{"line":3,"column":0},"end":{"line":3,"column":40}},"3":{"start":{"line":5,"column":15},"end":{"line":5,"column":23}},"4":{"start":{"line":15,"column":19},"end":{"line":15,"column":35}},"5":{"start":{"line":7,"column":0},"end":{"line":13,"column":3}},"6":{"start":{"line":7,"column":77},"end":{"line":13,"column":2}},"7":{"start":{"line":8,"column":17},"end":{"line":10,"column":23}},"8":{"start":{"line":12,"column":2},"end":{"line":12,"column":19}}},"fnMap":{"0":{"name":"(anonymous_7)","decl":{"start":{"line":7,"column":39},"end":{"line":7,"column":46}},"loc":{"start":{"line":7,"column":77},"end":{"line":13,"column":2}}},"1":{"name":"(anonymous_8)","decl":{"start":{"line":7,"column":77},"end":{"line":7,"column":null}},"loc":{"start":{"line":7,"column":77},"end":{"line":13,"column":1}}}},"branchMap":{},"s":{"0":4,"1":4,"2":4,"3":4,"4":4,"5":4,"6":1,"7":1,"8":1},"f":{"0":1,"1":1},"b":{}}
,"/home/tejesh/HANDS_ON/nodejs_microservices_udemy/gittix-ticketing-app/orders/src/routes/read.ts": {"path":"/home/tejesh/HANDS_ON/nodejs_microservices_udemy/gittix-ticketing-app/orders/src/routes/read.ts","statementMap":{"0":{"start":{"line":1,"column":0},"end":{"line":1,"column":null}},"1":{"start":{"line":6,"column":0},"end":{"line":6,"column":52}},"2":{"start":{"line":7,"column":0},"end":{"line":7,"column":40}},"3":{"start":{"line":9,"column":15},"end":{"line":9,"column":23}},"4":{"start":{"line":23,"column":19},"end":{"line":23,"column":34}},"5":{"start":{"line":11,"column":0},"end":{"line":21,"column":2}},"6":{"start":{"line":14,"column":40},"end":{"line":20,"column":null}},"7":{"start":{"line":15,"column":18},"end":{"line":15,"column":72}},"8":{"start":{"line":16,"column":4},"end":{"line":16,"column":42}},"9":{"start":{"line":16,"column":16},"end":{"line":16,"column":42}},"10":{"start":{"line":17,"column":4},"end":{"line":17,"column":77}},"11":{"start":{"line":17,"column":46},"end":{"line":17,"column":77}},"12":{"start":{"line":19,"column":4},"end":{"line":19,"column":20}}},"fnMap":{"0":{"name":"(anonymous_7)","decl":{"start":{"line":14,"column":2},"end":{"line":14,"column":9}},"loc":{"start":{"line":14,"column":40},"end":{"line":20,"column":null}}},"1":{"name":"(anonymous_8)","decl":{"start":{"line":14,"column":40},"end":{"line":14,"column":null}},"loc":{"start":{"line":14,"column":40},"end":{"line":20,"column":3}}}},"branchMap":{"0":{"loc":{"start":{"line":16,"column":4},"end":{"line":16,"column":42}},"type":"if","locations":[{"start":{"line":16,"column":4},"end":{"line":16,"column":42}}]},"1":{"loc":{"start":{"line":17,"column":4},"end":{"line":17,"column":77}},"type":"if","locations":[{"start":{"line":17,"column":4},"end":{"line":17,"column":77}}]}},"s":{"0":4,"1":4,"2":4,"3":4,"4":4,"5":4,"6":1,"7":1,"8":1,"9":0,"10":1,"11":0,"12":1},"f":{"0":1,"1":1},"b":{"0":[0],"1":[0]}}
}
