TN:
SF:src/app.ts
FN:30,(anonymous_1)
FNF:1
FNH:0
FNDA:0,(anonymous_1)
DA:1,4
DA:2,4
DA:3,4
DA:4,4
DA:6,4
DA:7,4
DA:8,4
DA:9,4
DA:10,4
DA:12,4
DA:13,4
DA:15,4
DA:16,4
DA:22,4
DA:25,4
DA:26,4
DA:27,4
DA:28,4
DA:30,4
DA:31,0
DA:34,4
DA:36,4
LF:22
LH:21
BRF:0
BRH:0
end_of_record
TN:
SF:src/events/listners/expiration-complete-listner.ts
FN:12,(anonymous_7)
FN:16,(anonymous_8)
FNF:2
FNH:2
FNDA:1,(anonymous_7)
FNDA:1,(anonymous_8)
DA:1,1
DA:8,1
DA:9,1
DA:10,1
DA:12,1
DA:13,1
DA:14,1
DA:20,1
DA:21,1
DA:23,1
DA:24,1
DA:26,1
DA:34,1
LF:13
LH:13
BRDA:21,0,0,0
BRF:1
BRH:0
end_of_record
TN:
SF:src/events/listners/queue-group-name.ts
FNF:0
FNH:0
DA:1,3
LF:1
LH:1
BRF:0
BRH:0
end_of_record
TN:
SF:src/events/listners/ticket-created-listner.ts
FN:6,(anonymous_7)
FN:10,(anonymous_8)
FNF:2
FNH:2
FNDA:2,(anonymous_7)
FNDA:2,(anonymous_8)
DA:1,1
DA:3,1
DA:4,1
DA:6,1
DA:7,2
DA:8,2
DA:11,2
DA:12,2
DA:17,2
DA:19,2
LF:10
LH:10
BRF:0
BRH:0
end_of_record
TN:
SF:src/events/listners/ticket-updated-listner.ts
FN:6,(anonymous_7)
FN:10,(anonymous_8)
FNF:2
FNH:2
FNDA:2,(anonymous_7)
FNDA:2,(anonymous_8)
DA:1,1
DA:3,1
DA:4,1
DA:6,1
DA:7,2
DA:8,2
DA:11,2
DA:12,2
DA:14,1
DA:15,1
DA:16,1
DA:18,1
LF:12
LH:12
BRDA:12,0,0,1
BRF:1
BRH:1
end_of_record
TN:
SF:src/events/publishers/order-cancelled-publisher.ts
FN:3,(anonymous_0)
FNF:1
FNH:1
FNDA:3,(anonymous_0)
DA:1,5
DA:3,5
DA:4,3
LF:3
LH:3
BRF:0
BRH:0
end_of_record
TN:
SF:src/events/publishers/order-created-publisher.ts
FN:3,(anonymous_0)
FNF:1
FNH:1
FNDA:7,(anonymous_0)
DA:1,4
DA:3,4
DA:4,7
LF:3
LH:3
BRF:0
BRH:0
end_of_record
TN:
SF:src/models/order.ts
FN:63,(anonymous_1)
FN:46,(anonymous_2)
FN:57,(anonymous_3)
FNF:3
FNH:3
FNDA:26,(anonymous_1)
FNDA:12,(anonymous_2)
FNDA:9,(anonymous_3)
DA:1,7
DA:2,7
DA:3,7
DA:25,7
DA:47,12
DA:48,12
DA:54,7
DA:55,7
DA:57,7
DA:58,9
DA:61,7
DA:63,33
LF:12
LH:12
BRF:0
BRH:0
end_of_record
TN:
SF:src/models/ticket.ts
FN:39,(anonymous_8)
FN:50,(anonymous_9)
FN:60,(anonymous_10)
FN:68,(anonymous_11)
FNF:4
FNH:4
FNDA:12,(anonymous_8)
FNDA:2,(anonymous_9)
FNDA:11,(anonymous_10)
FNDA:8,(anonymous_11)
DA:1,7
DA:2,7
DA:3,7
DA:26,7
DA:40,12
DA:41,12
DA:47,7
DA:48,7
DA:50,7
DA:54,2
DA:60,7
DA:61,11
DA:68,7
DA:69,8
DA:80,8
DA:83,7
DA:85,7
LF:17
LH:17
BRF:0
BRH:0
end_of_record
TN:
SF:src/routes/cancel-order.ts
FN:17,(anonymous_7)
FN:17,(anonymous_8)
FNF:2
FNH:2
FNDA:2,(anonymous_7)
FNDA:2,(anonymous_8)
DA:1,4
DA:7,4
DA:8,4
DA:9,4
DA:10,4
DA:12,4
DA:14,4
DA:17,2
DA:18,2
DA:19,2
DA:20,2
DA:22,2
DA:23,2
DA:25,2
DA:33,2
DA:37,4
LF:16
LH:16
BRDA:19,0,0,0
BRDA:20,1,0,0
BRF:2
BRH:0
end_of_record
TN:
SF:src/routes/create.ts
FN:32,(anonymous_7)
FN:32,(anonymous_8)
FNF:2
FNH:2
FNDA:9,(anonymous_7)
FNDA:9,(anonymous_8)
DA:1,4
DA:8,4
DA:9,4
DA:10,4
DA:11,4
DA:12,4
DA:13,4
DA:15,4
DA:17,4
DA:19,4
DA:32,9
DA:33,9
DA:34,9
DA:35,8
DA:36,8
DA:38,7
DA:39,7
DA:41,7
DA:47,7
DA:49,7
DA:61,7
DA:65,4
LF:22
LH:22
BRDA:34,0,0,1
BRDA:36,1,0,1
BRDA:54,2,0,0
BRDA:54,2,1,7
BRDA:54,3,0,7
BRDA:54,3,1,7
BRF:6
BRH:5
end_of_record
TN:
SF:src/routes/list.ts
FN:7,(anonymous_7)
FN:7,(anonymous_8)
FNF:2
FNH:2
FNDA:1,(anonymous_7)
FNDA:1,(anonymous_8)
DA:1,4
DA:2,4
DA:3,4
DA:5,4
DA:7,4
DA:8,1
DA:12,1
DA:15,4
LF:8
LH:8
BRF:0
BRH:0
end_of_record
TN:
SF:src/routes/read.ts
FN:14,(anonymous_7)
FN:14,(anonymous_8)
FNF:2
FNH:2
FNDA:1,(anonymous_7)
FNDA:1,(anonymous_8)
DA:1,4
DA:6,4
DA:7,4
DA:9,4
DA:11,4
DA:14,1
DA:15,1
DA:16,1
DA:17,1
DA:19,1
DA:23,4
LF:11
LH:11
BRDA:16,0,0,0
BRDA:17,1,0,0
BRF:2
BRH:0
end_of_record
