{"/home/tejesh/HANDS_ON/nodejs_microservices_udemy/gittix-ticketing-app/tickets/src/app.ts": {"path":"/home/tejesh/HANDS_ON/nodejs_microservices_udemy/gittix-ticketing-app/tickets/src/app.ts","statementMap":{"0":{"start":{"line":1,"column":0},"end":{"line":1,"column":30}},"1":{"start":{"line":2,"column":0},"end":{"line":2,"column":30}},"2":{"start":{"line":3,"column":0},"end":{"line":3,"column":35}},"3":{"start":{"line":4,"column":0},"end":{"line":4,"column":43}},"4":{"start":{"line":6,"column":0},"end":{"line":6,"column":76}},"5":{"start":{"line":7,"column":0},"end":{"line":7,"column":53}},"6":{"start":{"line":8,"column":0},"end":{"line":8,"column":49}},"7":{"start":{"line":9,"column":0},"end":{"line":9,"column":50}},"8":{"start":{"line":10,"column":0},"end":{"line":10,"column":53}},"9":{"start":{"line":12,"column":12},"end":{"line":12,"column":21}},"10":{"start":{"line":36,"column":9},"end":{"line":36,"column":12}},"11":{"start":{"line":13,"column":0},"end":{"line":13,"column":29}},"12":{"start":{"line":15,"column":0},"end":{"line":15,"column":16}},"13":{"start":{"line":16,"column":0},"end":{"line":21,"column":2}},"14":{"start":{"line":22,"column":0},"end":{"line":22,"column":21}},"15":{"start":{"line":25,"column":0},"end":{"line":25,"column":28}},"16":{"start":{"line":26,"column":0},"end":{"line":26,"column":26}},"17":{"start":{"line":27,"column":0},"end":{"line":27,"column":27}},"18":{"start":{"line":28,"column":0},"end":{"line":28,"column":28}},"19":{"start":{"line":30,"column":0},"end":{"line":32,"column":3}},"20":{"start":{"line":31,"column":2},"end":{"line":31,"column":28}},"21":{"start":{"line":34,"column":0},"end":{"line":34,"column":22}}},"fnMap":{"0":{"name":"(anonymous_1)","decl":{"start":{"line":30,"column":13},"end":{"line":30,"column":16}},"loc":{"start":{"line":30,"column":18},"end":{"line":32,"column":1}}}},"branchMap":{},"s":{"0":7,"1":7,"2":7,"3":7,"4":7,"5":7,"6":7,"7":7,"8":7,"9":7,"10":7,"11":7,"12":7,"13":7,"14":7,"15":7,"16":7,"17":7,"18":7,"19":7,"20":0,"21":7},"f":{"0":0},"b":{}}
,"/home/tejesh/HANDS_ON/nodejs_microservices_udemy/gittix-ticketing-app/tickets/src/events/queue-group-name.ts": {"path":"/home/tejesh/HANDS_ON/nodejs_microservices_udemy/gittix-ticketing-app/tickets/src/events/queue-group-name.ts","statementMap":{"0":{"start":{"line":1,"column":13},"end":{"line":1,"column":50}}},"fnMap":{},"branchMap":{},"s":{"0":1},"f":{},"b":{}}
,"/home/tejesh/HANDS_ON/nodejs_microservices_udemy/gittix-ticketing-app/tickets/src/events/listners/order-created-listner.ts": {"path":"/home/tejesh/HANDS_ON/nodejs_microservices_udemy/gittix-ticketing-app/tickets/src/events/listners/order-created-listner.ts","statementMap":{"0":{"start":{"line":1,"column":0},"end":{"line":1,"column":72}},"1":{"start":{"line":3,"column":0},"end":{"line":3,"column":45}},"2":{"start":{"line":4,"column":0},"end":{"line":4,"column":80}},"3":{"start":{"line":5,"column":0},"end":{"line":5,"column":55}},"4":{"start":{"line":8,"column":2},"end":{"line":8,"column":57}},"5":{"start":{"line":9,"column":2},"end":{"line":9,"column":44}},"6":{"start":{"line":15,"column":19},"end":{"line":15,"column":56}},"7":{"start":{"line":16,"column":4},"end":{"line":16,"column":54}},"8":{"start":{"line":16,"column":17},"end":{"line":16,"column":54}},"9":{"start":{"line":18,"column":4},"end":{"line":18,"column":37}},"10":{"start":{"line":19,"column":4},"end":{"line":19,"column":24}},"11":{"start":{"line":21,"column":4},"end":{"line":28,"column":7}},"12":{"start":{"line":30,"column":4},"end":{"line":30,"column":18}},"13":{"start":{"line":7,"column":0},"end":{"line":7,"column":13}}},"fnMap":{"0":{"name":"(anonymous_7)","decl":{"start":{"line":7,"column":0},"end":{"line":7,"column":13}},"loc":{"start":{"line":7,"column":0},"end":{"line":32,"column":1}}},"1":{"name":"(anonymous_8)","decl":{"start":{"line":11,"column":8},"end":{"line":11,"column":17}},"loc":{"start":{"line":13,"column":20},"end":{"line":31,"column":null}}}},"branchMap":{"0":{"loc":{"start":{"line":16,"column":4},"end":{"line":16,"column":54}},"type":"if","locations":[{"start":{"line":16,"column":4},"end":{"line":16,"column":54}}]}},"s":{"0":1,"1":1,"2":1,"3":1,"4":2,"5":2,"6":2,"7":2,"8":0,"9":2,"10":2,"11":2,"12":2,"13":1},"f":{"0":2,"1":2},"b":{"0":[0]}}
,"/home/tejesh/HANDS_ON/nodejs_microservices_udemy/gittix-ticketing-app/tickets/src/events/publishers/ticket-created-publisher.ts": {"path":"/home/tejesh/HANDS_ON/nodejs_microservices_udemy/gittix-ticketing-app/tickets/src/events/publishers/ticket-created-publisher.ts","statementMap":{"0":{"start":{"line":1,"column":0},"end":{"line":1,"column":75}},"1":{"start":{"line":4,"column":2},"end":{"line":4,"column":59}},"2":{"start":{"line":3,"column":0},"end":{"line":3,"column":13}}},"fnMap":{"0":{"name":"(anonymous_0)","decl":{"start":{"line":3,"column":0},"end":{"line":3,"column":13}},"loc":{"start":{"line":3,"column":0},"end":{"line":5,"column":1}}}},"branchMap":{},"s":{"0":7,"1":11,"2":7},"f":{"0":11},"b":{}}
,"/home/tejesh/HANDS_ON/nodejs_microservices_udemy/gittix-ticketing-app/tickets/src/events/publishers/ticket-updated-publisher.ts": {"path":"/home/tejesh/HANDS_ON/nodejs_microservices_udemy/gittix-ticketing-app/tickets/src/events/publishers/ticket-updated-publisher.ts","statementMap":{"0":{"start":{"line":1,"column":0},"end":{"line":1,"column":75}},"1":{"start":{"line":4,"column":2},"end":{"line":4,"column":59}},"2":{"start":{"line":3,"column":0},"end":{"line":3,"column":13}}},"fnMap":{"0":{"name":"(anonymous_0)","decl":{"start":{"line":3,"column":0},"end":{"line":3,"column":13}},"loc":{"start":{"line":3,"column":0},"end":{"line":5,"column":1}}}},"branchMap":{},"s":{"0":7,"1":4,"2":7},"f":{"0":4},"b":{}}
,"/home/tejesh/HANDS_ON/nodejs_microservices_udemy/gittix-ticketing-app/tickets/src/models/ticket.ts": {"path":"/home/tejesh/HANDS_ON/nodejs_microservices_udemy/gittix-ticketing-app/tickets/src/models/ticket.ts","statementMap":{"0":{"start":{"line":1,"column":0},"end":{"line":1,"column":29}},"1":{"start":{"line":2,"column":0},"end":{"line":2,"column":67}},"2":{"start":{"line":22,"column":21},"end":{"line":47,"column":null}},"3":{"start":{"line":43,"column":8},"end":{"line":43,"column":25}},"4":{"start":{"line":44,"column":8},"end":{"line":44,"column":23}},"5":{"start":{"line":50,"column":0},"end":{"line":50,"column":42}},"6":{"start":{"line":51,"column":0},"end":{"line":51,"column":43}},"7":{"start":{"line":53,"column":0},"end":{"line":55,"column":2}},"8":{"start":{"line":54,"column":2},"end":{"line":54,"column":27}},"9":{"start":{"line":57,"column":15},"end":{"line":57,"column":74}},"10":{"start":{"line":59,"column":9},"end":{"line":59,"column":15}}},"fnMap":{"0":{"name":"(anonymous_1)","decl":{"start":{"line":42,"column":6},"end":{"line":42,"column":15}},"loc":{"start":{"line":42,"column":24},"end":{"line":45,"column":7}}},"1":{"name":"(anonymous_2)","decl":{"start":{"line":53,"column":29},"end":{"line":53,"column":30}},"loc":{"start":{"line":53,"column":52},"end":{"line":55,"column":1}}}},"branchMap":{},"s":{"0":7,"1":7,"2":7,"3":20,"4":20,"5":7,"6":7,"7":7,"8":15,"9":7,"10":7},"f":{"0":20,"1":15},"b":{}}
,"/home/tejesh/HANDS_ON/nodejs_microservices_udemy/gittix-ticketing-app/tickets/src/routes/create.ts": {"path":"/home/tejesh/HANDS_ON/nodejs_microservices_udemy/gittix-ticketing-app/tickets/src/routes/create.ts","statementMap":{"0":{"start":{"line":1,"column":0},"end":{"line":1,"column":64}},"1":{"start":{"line":2,"column":0},"end":{"line":2,"column":53}},"2":{"start":{"line":3,"column":0},"end":{"line":3,"column":41}},"3":{"start":{"line":4,"column":0},"end":{"line":4,"column":45}},"4":{"start":{"line":5,"column":0},"end":{"line":5,"column":87}},"5":{"start":{"line":6,"column":0},"end":{"line":6,"column":42}},"6":{"start":{"line":8,"column":15},"end":{"line":8,"column":31}},"7":{"start":{"line":42,"column":19},"end":{"line":42,"column":37}},"8":{"start":{"line":10,"column":0},"end":{"line":40,"column":2}},"9":{"start":{"line":20,"column":40},"end":{"line":39,"column":null}},"10":{"start":{"line":21,"column":29},"end":{"line":21,"column":37}},"11":{"start":{"line":23,"column":19},"end":{"line":27,"column":6}},"12":{"start":{"line":28,"column":4},"end":{"line":28,"column":24}},"13":{"start":{"line":30,"column":4},"end":{"line":36,"column":7}},"14":{"start":{"line":38,"column":4},"end":{"line":38,"column":33}}},"fnMap":{"0":{"name":"(anonymous_8)","decl":{"start":{"line":20,"column":2},"end":{"line":20,"column":9}},"loc":{"start":{"line":20,"column":40},"end":{"line":39,"column":null}}},"1":{"name":"(anonymous_9)","decl":{"start":{"line":20,"column":40},"end":{"line":20,"column":null}},"loc":{"start":{"line":20,"column":40},"end":{"line":39,"column":3}}}},"branchMap":{},"s":{"0":7,"1":7,"2":7,"3":7,"4":7,"5":7,"6":7,"7":7,"8":7,"9":11,"10":11,"11":11,"12":11,"13":11,"14":11},"f":{"0":11,"1":11},"b":{}}
,"/home/tejesh/HANDS_ON/nodejs_microservices_udemy/gittix-ticketing-app/tickets/src/routes/list.ts": {"path":"/home/tejesh/HANDS_ON/nodejs_microservices_udemy/gittix-ticketing-app/tickets/src/routes/list.ts","statementMap":{"0":{"start":{"line":1,"column":0},"end":{"line":1,"column":52}},"1":{"start":{"line":2,"column":0},"end":{"line":2,"column":42}},"2":{"start":{"line":4,"column":15},"end":{"line":4,"column":23}},"3":{"start":{"line":11,"column":19},"end":{"line":11,"column":36}},"4":{"start":{"line":6,"column":0},"end":{"line":9,"column":3}},"5":{"start":{"line":6,"column":65},"end":{"line":9,"column":2}},"6":{"start":{"line":7,"column":18},"end":{"line":7,"column":39}},"7":{"start":{"line":8,"column":2},"end":{"line":8,"column":20}}},"fnMap":{"0":{"name":"(anonymous_7)","decl":{"start":{"line":6,"column":27},"end":{"line":6,"column":34}},"loc":{"start":{"line":6,"column":65},"end":{"line":9,"column":2}}},"1":{"name":"(anonymous_8)","decl":{"start":{"line":6,"column":65},"end":{"line":6,"column":null}},"loc":{"start":{"line":6,"column":65},"end":{"line":9,"column":1}}}},"branchMap":{},"s":{"0":7,"1":7,"2":7,"3":7,"4":7,"5":1,"6":1,"7":1},"f":{"0":1,"1":1},"b":{}}
,"/home/tejesh/HANDS_ON/nodejs_microservices_udemy/gittix-ticketing-app/tickets/src/routes/read.ts": {"path":"/home/tejesh/HANDS_ON/nodejs_microservices_udemy/gittix-ticketing-app/tickets/src/routes/read.ts","statementMap":{"0":{"start":{"line":1,"column":0},"end":{"line":1,"column":49}},"1":{"start":{"line":2,"column":0},"end":{"line":2,"column":53}},"2":{"start":{"line":3,"column":0},"end":{"line":3,"column":42}},"3":{"start":{"line":5,"column":15},"end":{"line":5,"column":31}},"4":{"start":{"line":15,"column":19},"end":{"line":15,"column":35}},"5":{"start":{"line":7,"column":0},"end":{"line":13,"column":3}},"6":{"start":{"line":7,"column":69},"end":{"line":13,"column":2}},"7":{"start":{"line":8,"column":17},"end":{"line":8,"column":53}},"8":{"start":{"line":10,"column":2},"end":{"line":10,"column":41}},"9":{"start":{"line":10,"column":15},"end":{"line":10,"column":41}},"10":{"start":{"line":12,"column":2},"end":{"line":12,"column":19}}},"fnMap":{"0":{"name":"(anonymous_8)","decl":{"start":{"line":7,"column":31},"end":{"line":7,"column":38}},"loc":{"start":{"line":7,"column":69},"end":{"line":13,"column":2}}},"1":{"name":"(anonymous_9)","decl":{"start":{"line":7,"column":69},"end":{"line":7,"column":null}},"loc":{"start":{"line":7,"column":69},"end":{"line":13,"column":1}}}},"branchMap":{"0":{"loc":{"start":{"line":10,"column":2},"end":{"line":10,"column":41}},"type":"if","locations":[{"start":{"line":10,"column":2},"end":{"line":10,"column":41}}]}},"s":{"0":7,"1":7,"2":7,"3":7,"4":7,"5":7,"6":4,"7":4,"8":4,"9":1,"10":3},"f":{"0":4,"1":4},"b":{"0":[1]}}
,"/home/tejesh/HANDS_ON/nodejs_microservices_udemy/gittix-ticketing-app/tickets/src/routes/update.ts": {"path":"/home/tejesh/HANDS_ON/nodejs_microservices_udemy/gittix-ticketing-app/tickets/src/routes/update.ts","statementMap":{"0":{"start":{"line":1,"column":0},"end":{"line":1,"column":null}},"1":{"start":{"line":8,"column":0},"end":{"line":8,"column":52}},"2":{"start":{"line":9,"column":0},"end":{"line":9,"column":41}},"3":{"start":{"line":10,"column":0},"end":{"line":10,"column":45}},"4":{"start":{"line":11,"column":0},"end":{"line":11,"column":87}},"5":{"start":{"line":12,"column":0},"end":{"line":12,"column":42}},"6":{"start":{"line":14,"column":15},"end":{"line":14,"column":23}},"7":{"start":{"line":54,"column":19},"end":{"line":54,"column":37}},"8":{"start":{"line":16,"column":0},"end":{"line":52,"column":2}},"9":{"start":{"line":26,"column":40},"end":{"line":51,"column":null}},"10":{"start":{"line":27,"column":19},"end":{"line":27,"column":55}},"11":{"start":{"line":29,"column":4},"end":{"line":29,"column":43}},"12":{"start":{"line":29,"column":17},"end":{"line":29,"column":43}},"13":{"start":{"line":31,"column":4},"end":{"line":32,"column":37}},"14":{"start":{"line":32,"column":6},"end":{"line":32,"column":37}},"15":{"start":{"line":34,"column":4},"end":{"line":34,"column":72}},"16":{"start":{"line":34,"column":24},"end":{"line":34,"column":72}},"17":{"start":{"line":36,"column":4},"end":{"line":39,"column":7}},"18":{"start":{"line":40,"column":4},"end":{"line":40,"column":24}},"19":{"start":{"line":42,"column":4},"end":{"line":48,"column":7}},"20":{"start":{"line":50,"column":4},"end":{"line":50,"column":21}}},"fnMap":{"0":{"name":"(anonymous_7)","decl":{"start":{"line":26,"column":2},"end":{"line":26,"column":9}},"loc":{"start":{"line":26,"column":40},"end":{"line":51,"column":null}}},"1":{"name":"(anonymous_8)","decl":{"start":{"line":26,"column":40},"end":{"line":26,"column":null}},"loc":{"start":{"line":26,"column":40},"end":{"line":51,"column":3}}}},"branchMap":{"0":{"loc":{"start":{"line":29,"column":4},"end":{"line":29,"column":43}},"type":"if","locations":[{"start":{"line":29,"column":4},"end":{"line":29,"column":43}}]},"1":{"loc":{"start":{"line":31,"column":4},"end":{"line":32,"column":37}},"type":"if","locations":[{"start":{"line":31,"column":4},"end":{"line":32,"column":37}}]},"2":{"loc":{"start":{"line":31,"column":8},"end":{"line":31,"column":null}},"type":"binary-expr","locations":[{"start":{"line":31,"column":8},"end":{"line":31,"column":14}},{"start":{"line":31,"column":18},"end":{"line":31,"column":null}}]},"3":{"loc":{"start":{"line":31,"column":36},"end":{"line":31,"column":55}},"type":"cond-expr","locations":[{"start":{"line":31,"column":51},"end":{"line":31,"column":53}},{"start":{"line":31,"column":51},"end":{"line":31,"column":55}}]},"4":{"loc":{"start":{"line":31,"column":36},"end":{"line":31,"column":53}},"type":"binary-expr","locations":[{"start":{"line":31,"column":36},"end":{"line":31,"column":53}},{"start":{"line":31,"column":51},"end":{"line":31,"column":53}}]},"5":{"loc":{"start":{"line":34,"column":4},"end":{"line":34,"column":72}},"type":"if","locations":[{"start":{"line":34,"column":4},"end":{"line":34,"column":72}}]}},"s":{"0":7,"1":7,"2":7,"3":7,"4":7,"5":7,"6":7,"7":7,"8":7,"9":5,"10":5,"11":5,"12":1,"13":4,"14":1,"15":3,"16":1,"17":2,"18":2,"19":2,"20":2},"f":{"0":5,"1":5},"b":{"0":[1],"1":[1],"2":[4,4],"3":[0,4],"4":[4,4],"5":[1]}}
}
