TN:
SF:src/app.ts
FN:30,(anonymous_1)
FNF:1
FNH:0
FNDA:0,(anonymous_1)
DA:1,7
DA:2,7
DA:3,7
DA:4,7
DA:6,7
DA:7,7
DA:8,7
DA:9,7
DA:10,7
DA:12,7
DA:13,7
DA:15,7
DA:16,7
DA:22,7
DA:25,7
DA:26,7
DA:27,7
DA:28,7
DA:30,7
DA:31,0
DA:34,7
DA:36,7
LF:22
LH:21
BRF:0
BRH:0
end_of_record
TN:
SF:src/events/queue-group-name.ts
FNF:0
FNH:0
DA:1,1
LF:1
LH:1
BRF:0
BRH:0
end_of_record
TN:
SF:src/events/listners/order-created-listner.ts
FN:7,(anonymous_7)
FN:11,(anonymous_8)
FNF:2
FNH:2
FNDA:2,(anonymous_7)
FNDA:2,(anonymous_8)
DA:1,1
DA:3,1
DA:4,1
DA:5,1
DA:7,1
DA:8,2
DA:9,2
DA:15,2
DA:16,2
DA:18,2
DA:19,2
DA:21,2
DA:30,2
LF:13
LH:13
BRDA:16,0,0,0
BRF:1
BRH:0
end_of_record
TN:
SF:src/events/publishers/ticket-created-publisher.ts
FN:3,(anonymous_0)
FNF:1
FNH:1
FNDA:11,(anonymous_0)
DA:1,7
DA:3,7
DA:4,11
LF:3
LH:3
BRF:0
BRH:0
end_of_record
TN:
SF:src/events/publishers/ticket-updated-publisher.ts
FN:3,(anonymous_0)
FNF:1
FNH:1
FNDA:4,(anonymous_0)
DA:1,7
DA:3,7
DA:4,4
LF:3
LH:3
BRF:0
BRH:0
end_of_record
TN:
SF:src/models/ticket.ts
FN:42,(anonymous_1)
FN:53,(anonymous_2)
FNF:2
FNH:2
FNDA:20,(anonymous_1)
FNDA:15,(anonymous_2)
DA:1,7
DA:2,7
DA:22,7
DA:43,20
DA:44,20
DA:50,7
DA:51,7
DA:53,7
DA:54,15
DA:57,7
DA:59,7
LF:11
LH:11
BRF:0
BRH:0
end_of_record
TN:
SF:src/routes/create.ts
FN:20,(anonymous_8)
FN:20,(anonymous_9)
FNF:2
FNH:2
FNDA:11,(anonymous_8)
FNDA:11,(anonymous_9)
DA:1,7
DA:2,7
DA:3,7
DA:4,7
DA:5,7
DA:6,7
DA:8,7
DA:10,7
DA:20,11
DA:21,11
DA:23,11
DA:28,11
DA:30,11
DA:38,11
DA:42,7
LF:15
LH:15
BRF:0
BRH:0
end_of_record
TN:
SF:src/routes/list.ts
FN:6,(anonymous_7)
FN:6,(anonymous_8)
FNF:2
FNH:2
FNDA:1,(anonymous_7)
FNDA:1,(anonymous_8)
DA:1,7
DA:2,7
DA:4,7
DA:6,7
DA:7,1
DA:8,1
DA:11,7
LF:7
LH:7
BRF:0
BRH:0
end_of_record
TN:
SF:src/routes/read.ts
FN:7,(anonymous_8)
FN:7,(anonymous_9)
FNF:2
FNH:2
FNDA:4,(anonymous_8)
FNDA:4,(anonymous_9)
DA:1,7
DA:2,7
DA:3,7
DA:5,7
DA:7,7
DA:8,4
DA:10,4
DA:12,3
DA:15,7
LF:9
LH:9
BRDA:10,0,0,1
BRF:1
BRH:1
end_of_record
TN:
SF:src/routes/update.ts
FN:26,(anonymous_7)
FN:26,(anonymous_8)
FNF:2
FNH:2
FNDA:5,(anonymous_7)
FNDA:5,(anonymous_8)
DA:1,7
DA:8,7
DA:9,7
DA:10,7
DA:11,7
DA:12,7
DA:14,7
DA:16,7
DA:26,5
DA:27,5
DA:29,5
DA:31,4
DA:32,1
DA:34,3
DA:36,2
DA:40,2
DA:42,2
DA:50,2
DA:54,7
LF:19
LH:19
BRDA:29,0,0,1
BRDA:31,1,0,1
BRDA:31,2,0,4
BRDA:31,2,1,4
BRDA:31,3,0,0
BRDA:31,3,1,4
BRDA:31,4,0,4
BRDA:31,4,1,4
BRDA:34,5,0,1
BRF:9
BRH:8
end_of_record
